<?xml version="1.0" encoding="UTF-8"?>
<testsuite xmlns:xsi="http://www.w3.org/2001/XMLSchema-instance" xsi:noNamespaceSchemaLocation="https://maven.apache.org/surefire/maven-surefire-plugin/xsd/surefire-test-report.xsd" name="com.retail.service.AdminOrderServiceTest" time="0.019" tests="16" errors="0" skipped="1" failures="0">
  <properties>
[...]
</properties>
  <testcase name="adminUpdateOrder_Status" classname="com.retail.service.AdminOrderServiceTest" time="0.007"/>
  <testcase name="deleteOrder_Success" classname="com.retail.service.AdminOrderServiceTest" time="0.001"/>
  <testcase name="adminUpdateOrder_BasicInfo" classname="com.retail.service.AdminOrderServiceTest" time="0.001"/>
  <testcase name="getOrderStatistics" classname="com.retail.service.AdminOrderServiceTest" time="0">
    <skipped message="MyBatis-Plus LambdaQueryWrapper在纯Mockito环境下无法解析lambda缓存，需集成测试验证"/>
  </testcase>
  <testcase name="adminUpdateOrder_NotFound" classname="com.retail.service.AdminOrderServiceTest" time="0.001"/>
  <testcase name="confirmPayment_Success" classname="com.retail.service.AdminOrderServiceTest$OrderStatusFlowTests" time="0.001"/>
  <testcase name="shipOrder_Success" classname="com.retail.service.AdminOrderServiceTest$OrderStatusFlowTests" time="0.001"/>
  <testcase name="confirmPayment_WrongStatus" classname="com.retail.service.AdminOrderServiceTest$OrderStatusFlowTests" time="0"/>
  <testcase name="completeOrder_Success" classname="com.retail.service.AdminOrderServiceTest$OrderStatusFlowTests" time="0.001"/>
  <testcase name="cancelOrder_RestoreStock" classname="com.retail.service.AdminOrderServiceTest$OrderStatusFlowTests" time="0.001"/>
  <testcase name="refundOrder_Success" classname="com.retail.service.AdminOrderServiceTest$OrderStatusFlowTests" time="0"/>
  <testcase name="getOrderById_Success" classname="com.retail.service.AdminOrderServiceTest$OrderQueryTests" time="0"/>
  <testcase name="getOrderById_NotFound" classname="com.retail.service.AdminOrderServiceTest$OrderQueryTests" time="0"/>
  <testcase name="getAllOrders" classname="com.retail.service.AdminOrderServiceTest$OrderQueryTests" time="0.001"/>
  <testcase name="searchOrders_ByOrderNo" classname="com.retail.service.AdminOrderServiceTest$OrderQueryTests" time="0.001"/>
  <testcase name="getAdminOrderDetail_Success" classname="com.retail.service.AdminOrderServiceTest$OrderQueryTests" time="0"/>
</testsuite>